Build started 4/9/2013 2:55:28 AM.
     1>Project "C:\Users\Anders\Documents\Visual Studio 2010\SKOLProjects\2dmonopol exp2\2dmonopol exp2\2dmonopol exp2.vcxproj" on node 2 (rebuild target(s)).
     1>_PrepareForClean:
         Deleting file "Debug\2dmonopol exp2.lastbuildstate".
       InitializeBuildStatus:
         Creating "Debug\2dmonopol exp2.unsuccessfulbuild" because "AlwaysCreate" was specified.
       ClCompile:
         C:\Program Files (x86)\Microsoft Visual Studio 10.0\VC\bin\CL.exe /c /ZI /nologo /W3 /WX- /Od /Oy- /D _MBCS /Gm /EHsc /RTC1 /MDd /GS /fp:precise /Zc:wchar_t /Zc:forScope /Fo"Debug\\" /Fd"Debug\vc100.pdb" /Gd /TP /analyze- /errorReport:prompt 2dmonopol.cpp Auction.cpp Auction_window.cpp Button.cpp Card.cpp Chance.cpp Player.cpp Prison.cpp Property.cpp Question.cpp Sprite.cpp Status_box.cpp Street.cpp Street_info.cpp Tax.cpp Text_field.cpp Trade.cpp Trade_window.cpp Window_list.cpp
         Window_list.cpp
     1>c:\users\anders\documents\visual studio 2010\skolprojects\2dmonopol exp2\2dmonopol exp2\button.h(16): warning C4996: 'strncpy': This function or variable may be unsafe. Consider using strncpy_s instead. To disable deprecation, use _CRT_SECURE_NO_WARNINGS. See online help for details.
                 c:\program files (x86)\microsoft visual studio 10.0\vc\include\string.h(188) : see declaration of 'strncpy'
     1>c:\users\anders\documents\visual studio 2010\skolprojects\2dmonopol exp2\2dmonopol exp2\property.h(24): warning C4018: '<' : signed/unsigned mismatch
     1>c:\users\anders\documents\visual studio 2010\skolprojects\2dmonopol exp2\2dmonopol exp2\property.h(28): warning C4996: 'strncpy': This function or variable may be unsafe. Consider using strncpy_s instead. To disable deprecation, use _CRT_SECURE_NO_WARNINGS. See online help for details.
                 c:\program files (x86)\microsoft visual studio 10.0\vc\include\string.h(188) : see declaration of 'strncpy'
     1>c:\users\anders\documents\visual studio 2010\skolprojects\2dmonopol exp2\2dmonopol exp2\window_list.cpp(38): warning C4996: 'strncpy': This function or variable may be unsafe. Consider using strncpy_s instead. To disable deprecation, use _CRT_SECURE_NO_WARNINGS. See online help for details.
                 c:\program files (x86)\microsoft visual studio 10.0\vc\include\string.h(188) : see declaration of 'strncpy'
     1>c:\users\anders\documents\visual studio 2010\skolprojects\2dmonopol exp2\2dmonopol exp2\window_list.cpp(70): warning C4996: 'sprintf': This function or variable may be unsafe. Consider using sprintf_s instead. To disable deprecation, use _CRT_SECURE_NO_WARNINGS. See online help for details.
                 c:\program files (x86)\microsoft visual studio 10.0\vc\include\stdio.h(371) : see declaration of 'sprintf'
     1>c:\users\anders\documents\visual studio 2010\skolprojects\2dmonopol exp2\2dmonopol exp2\window_list.cpp(94): warning C4996: 'strncpy': This function or variable may be unsafe. Consider using strncpy_s instead. To disable deprecation, use _CRT_SECURE_NO_WARNINGS. See online help for details.
                 c:\program files (x86)\microsoft visual studio 10.0\vc\include\string.h(188) : see declaration of 'strncpy'
         Trade_window.cpp
     1>c:\users\anders\documents\visual studio 2010\skolprojects\2dmonopol exp2\2dmonopol exp2\button.h(16): warning C4996: 'strncpy': This function or variable may be unsafe. Consider using strncpy_s instead. To disable deprecation, use _CRT_SECURE_NO_WARNINGS. See online help for details.
                 c:\program files (x86)\microsoft visual studio 10.0\vc\include\string.h(188) : see declaration of 'strncpy'
     1>c:\users\anders\documents\visual studio 2010\skolprojects\2dmonopol exp2\2dmonopol exp2\property.h(24): warning C4018: '<' : signed/unsigned mismatch
     1>c:\users\anders\documents\visual studio 2010\skolprojects\2dmonopol exp2\2dmonopol exp2\property.h(28): warning C4996: 'strncpy': This function or variable may be unsafe. Consider using strncpy_s instead. To disable deprecation, use _CRT_SECURE_NO_WARNINGS. See online help for details.
                 c:\program files (x86)\microsoft visual studio 10.0\vc\include\string.h(188) : see declaration of 'strncpy'
     1>c:\users\anders\documents\visual studio 2010\skolprojects\2dmonopol exp2\2dmonopol exp2\trade_window.cpp(19): warning C4101: 'temp_colors' : unreferenced local variable
     1>c:\users\anders\documents\visual studio 2010\skolprojects\2dmonopol exp2\2dmonopol exp2\trade_window.cpp(65): warning C4996: 'sprintf': This function or variable may be unsafe. Consider using sprintf_s instead. To disable deprecation, use _CRT_SECURE_NO_WARNINGS. See online help for details.
                 c:\program files (x86)\microsoft visual studio 10.0\vc\include\stdio.h(371) : see declaration of 'sprintf'
     1>c:\users\anders\documents\visual studio 2010\skolprojects\2dmonopol exp2\2dmonopol exp2\trade_window.cpp(67): warning C4996: 'sprintf': This function or variable may be unsafe. Consider using sprintf_s instead. To disable deprecation, use _CRT_SECURE_NO_WARNINGS. See online help for details.
                 c:\program files (x86)\microsoft visual studio 10.0\vc\include\stdio.h(371) : see declaration of 'sprintf'
     1>c:\users\anders\documents\visual studio 2010\skolprojects\2dmonopol exp2\2dmonopol exp2\trade_window.cpp(71): warning C4996: 'sprintf': This function or variable may be unsafe. Consider using sprintf_s instead. To disable deprecation, use _CRT_SECURE_NO_WARNINGS. See online help for details.
                 c:\program files (x86)\microsoft visual studio 10.0\vc\include\stdio.h(371) : see declaration of 'sprintf'
     1>c:\users\anders\documents\visual studio 2010\skolprojects\2dmonopol exp2\2dmonopol exp2\trade_window.cpp(73): warning C4996: 'sprintf': This function or variable may be unsafe. Consider using sprintf_s instead. To disable deprecation, use _CRT_SECURE_NO_WARNINGS. See online help for details.
                 c:\program files (x86)\microsoft visual studio 10.0\vc\include\stdio.h(371) : see declaration of 'sprintf'
     1>c:\users\anders\documents\visual studio 2010\skolprojects\2dmonopol exp2\2dmonopol exp2\trade_window.cpp(75): warning C4996: 'sprintf': This function or variable may be unsafe. Consider using sprintf_s instead. To disable deprecation, use _CRT_SECURE_NO_WARNINGS. See online help for details.
                 c:\program files (x86)\microsoft visual studio 10.0\vc\include\stdio.h(371) : see declaration of 'sprintf'
     1>c:\users\anders\documents\visual studio 2010\skolprojects\2dmonopol exp2\2dmonopol exp2\trade_window.cpp(77): warning C4996: 'sprintf': This function or variable may be unsafe. Consider using sprintf_s instead. To disable deprecation, use _CRT_SECURE_NO_WARNINGS. See online help for details.
                 c:\program files (x86)\microsoft visual studio 10.0\vc\include\stdio.h(371) : see declaration of 'sprintf'
     1>c:\users\anders\documents\visual studio 2010\skolprojects\2dmonopol exp2\2dmonopol exp2\trade_window.cpp(81): warning C4101: 'y' : unreferenced local variable
     1>c:\users\anders\documents\visual studio 2010\skolprojects\2dmonopol exp2\2dmonopol exp2\trade_window.cpp(81): warning C4101: 'x' : unreferenced local variable
         Trade.cpp
     1>c:\users\anders\documents\visual studio 2010\skolprojects\2dmonopol exp2\2dmonopol exp2\button.h(16): warning C4996: 'strncpy': This function or variable may be unsafe. Consider using strncpy_s instead. To disable deprecation, use _CRT_SECURE_NO_WARNINGS. See online help for details.
                 c:\program files (x86)\microsoft visual studio 10.0\vc\include\string.h(188) : see declaration of 'strncpy'
     1>c:\users\anders\documents\visual studio 2010\skolprojects\2dmonopol exp2\2dmonopol exp2\property.h(24): warning C4018: '<' : signed/unsigned mismatch
     1>c:\users\anders\documents\visual studio 2010\skolprojects\2dmonopol exp2\2dmonopol exp2\property.h(28): warning C4996: 'strncpy': This function or variable may be unsafe. Consider using strncpy_s instead. To disable deprecation, use _CRT_SECURE_NO_WARNINGS. See online help for details.
                 c:\program files (x86)\microsoft visual studio 10.0\vc\include\string.h(188) : see declaration of 'strncpy'
     1>c:\users\anders\documents\visual studio 2010\skolprojects\2dmonopol exp2\2dmonopol exp2\trade.cpp(30): warning C4996: 'sprintf': This function or variable may be unsafe. Consider using sprintf_s instead. To disable deprecation, use _CRT_SECURE_NO_WARNINGS. See online help for details.
                 c:\program files (x86)\microsoft visual studio 10.0\vc\include\stdio.h(371) : see declaration of 'sprintf'
     1>c:\users\anders\documents\visual studio 2010\skolprojects\2dmonopol exp2\2dmonopol exp2\trade.cpp(101): warning C4996: 'sprintf': This function or variable may be unsafe. Consider using sprintf_s instead. To disable deprecation, use _CRT_SECURE_NO_WARNINGS. See online help for details.
                 c:\program files (x86)\microsoft visual studio 10.0\vc\include\stdio.h(371) : see declaration of 'sprintf'
     1>c:\users\anders\documents\visual studio 2010\skolprojects\2dmonopol exp2\2dmonopol exp2\trade.cpp(335): warning C4996: 'sprintf': This function or variable may be unsafe. Consider using sprintf_s instead. To disable deprecation, use _CRT_SECURE_NO_WARNINGS. See online help for details.
                 c:\program files (x86)\microsoft visual studio 10.0\vc\include\stdio.h(371) : see declaration of 'sprintf'
         Text_field.cpp
         Tax.cpp
     1>c:\users\anders\documents\visual studio 2010\skolprojects\2dmonopol exp2\2dmonopol exp2\button.h(16): warning C4996: 'strncpy': This function or variable may be unsafe. Consider using strncpy_s instead. To disable deprecation, use _CRT_SECURE_NO_WARNINGS. See online help for details.
                 c:\program files (x86)\microsoft visual studio 10.0\vc\include\string.h(188) : see declaration of 'strncpy'
     1>c:\users\anders\documents\visual studio 2010\skolprojects\2dmonopol exp2\2dmonopol exp2\property.h(24): warning C4018: '<' : signed/unsigned mismatch
     1>c:\users\anders\documents\visual studio 2010\skolprojects\2dmonopol exp2\2dmonopol exp2\property.h(28): warning C4996: 'strncpy': This function or variable may be unsafe. Consider using strncpy_s instead. To disable deprecation, use _CRT_SECURE_NO_WARNINGS. See online help for details.
                 c:\program files (x86)\microsoft visual studio 10.0\vc\include\string.h(188) : see declaration of 'strncpy'
         Street_info.cpp
     1>c:\users\anders\documents\visual studio 2010\skolprojects\2dmonopol exp2\2dmonopol exp2\button.h(16): warning C4996: 'strncpy': This function or variable may be unsafe. Consider using strncpy_s instead. To disable deprecation, use _CRT_SECURE_NO_WARNINGS. See online help for details.
                 c:\program files (x86)\microsoft visual studio 10.0\vc\include\string.h(188) : see declaration of 'strncpy'
     1>c:\users\anders\documents\visual studio 2010\skolprojects\2dmonopol exp2\2dmonopol exp2\property.h(24): warning C4018: '<' : signed/unsigned mismatch
     1>c:\users\anders\documents\visual studio 2010\skolprojects\2dmonopol exp2\2dmonopol exp2\property.h(28): warning C4996: 'strncpy': This function or variable may be unsafe. Consider using strncpy_s instead. To disable deprecation, use _CRT_SECURE_NO_WARNINGS. See online help for details.
                 c:\program files (x86)\microsoft visual studio 10.0\vc\include\string.h(188) : see declaration of 'strncpy'
         Street.cpp
     1>c:\users\anders\documents\visual studio 2010\skolprojects\2dmonopol exp2\2dmonopol exp2\button.h(16): warning C4996: 'strncpy': This function or variable may be unsafe. Consider using strncpy_s instead. To disable deprecation, use _CRT_SECURE_NO_WARNINGS. See online help for details.
                 c:\program files (x86)\microsoft visual studio 10.0\vc\include\string.h(188) : see declaration of 'strncpy'
     1>c:\users\anders\documents\visual studio 2010\skolprojects\2dmonopol exp2\2dmonopol exp2\property.h(24): warning C4018: '<' : signed/unsigned mismatch
     1>c:\users\anders\documents\visual studio 2010\skolprojects\2dmonopol exp2\2dmonopol exp2\property.h(28): warning C4996: 'strncpy': This function or variable may be unsafe. Consider using strncpy_s instead. To disable deprecation, use _CRT_SECURE_NO_WARNINGS. See online help for details.
                 c:\program files (x86)\microsoft visual studio 10.0\vc\include\string.h(188) : see declaration of 'strncpy'
         Status_box.cpp
         Sprite.cpp
         Question.cpp
     1>c:\users\anders\documents\visual studio 2010\skolprojects\2dmonopol exp2\2dmonopol exp2\button.h(16): warning C4996: 'strncpy': This function or variable may be unsafe. Consider using strncpy_s instead. To disable deprecation, use _CRT_SECURE_NO_WARNINGS. See online help for details.
                 c:\program files (x86)\microsoft visual studio 10.0\vc\include\string.h(188) : see declaration of 'strncpy'
         Property.cpp
     1>c:\users\anders\documents\visual studio 2010\skolprojects\2dmonopol exp2\2dmonopol exp2\button.h(16): warning C4996: 'strncpy': This function or variable may be unsafe. Consider using strncpy_s instead. To disable deprecation, use _CRT_SECURE_NO_WARNINGS. See online help for details.
                 c:\program files (x86)\microsoft visual studio 10.0\vc\include\string.h(188) : see declaration of 'strncpy'
     1>c:\users\anders\documents\visual studio 2010\skolprojects\2dmonopol exp2\2dmonopol exp2\property.h(24): warning C4018: '<' : signed/unsigned mismatch
     1>c:\users\anders\documents\visual studio 2010\skolprojects\2dmonopol exp2\2dmonopol exp2\property.h(28): warning C4996: 'strncpy': This function or variable may be unsafe. Consider using strncpy_s instead. To disable deprecation, use _CRT_SECURE_NO_WARNINGS. See online help for details.
                 c:\program files (x86)\microsoft visual studio 10.0\vc\include\string.h(188) : see declaration of 'strncpy'
         Prison.cpp
     1>c:\users\anders\documents\visual studio 2010\skolprojects\2dmonopol exp2\2dmonopol exp2\button.h(16): warning C4996: 'strncpy': This function or variable may be unsafe. Consider using strncpy_s instead. To disable deprecation, use _CRT_SECURE_NO_WARNINGS. See online help for details.
                 c:\program files (x86)\microsoft visual studio 10.0\vc\include\string.h(188) : see declaration of 'strncpy'
     1>c:\users\anders\documents\visual studio 2010\skolprojects\2dmonopol exp2\2dmonopol exp2\property.h(24): warning C4018: '<' : signed/unsigned mismatch
     1>c:\users\anders\documents\visual studio 2010\skolprojects\2dmonopol exp2\2dmonopol exp2\property.h(28): warning C4996: 'strncpy': This function or variable may be unsafe. Consider using strncpy_s instead. To disable deprecation, use _CRT_SECURE_NO_WARNINGS. See online help for details.
                 c:\program files (x86)\microsoft visual studio 10.0\vc\include\string.h(188) : see declaration of 'strncpy'
     1>c:\users\anders\documents\visual studio 2010\skolprojects\2dmonopol exp2\2dmonopol exp2\prison.cpp(8): warning C4996: 'sprintf': This function or variable may be unsafe. Consider using sprintf_s instead. To disable deprecation, use _CRT_SECURE_NO_WARNINGS. See online help for details.
                 c:\program files (x86)\microsoft visual studio 10.0\vc\include\stdio.h(371) : see declaration of 'sprintf'
         Player.cpp
     1>c:\users\anders\documents\visual studio 2010\skolprojects\2dmonopol exp2\2dmonopol exp2\button.h(16): warning C4996: 'strncpy': This function or variable may be unsafe. Consider using strncpy_s instead. To disable deprecation, use _CRT_SECURE_NO_WARNINGS. See online help for details.
                 c:\program files (x86)\microsoft visual studio 10.0\vc\include\string.h(188) : see declaration of 'strncpy'
     1>c:\users\anders\documents\visual studio 2010\skolprojects\2dmonopol exp2\2dmonopol exp2\property.h(24): warning C4018: '<' : signed/unsigned mismatch
     1>c:\users\anders\documents\visual studio 2010\skolprojects\2dmonopol exp2\2dmonopol exp2\property.h(28): warning C4996: 'strncpy': This function or variable may be unsafe. Consider using strncpy_s instead. To disable deprecation, use _CRT_SECURE_NO_WARNINGS. See online help for details.
                 c:\program files (x86)\microsoft visual studio 10.0\vc\include\string.h(188) : see declaration of 'strncpy'
     1>c:\users\anders\documents\visual studio 2010\skolprojects\2dmonopol exp2\2dmonopol exp2\player.cpp(28): warning C4101: 'displacement_factor' : unreferenced local variable
     1>c:\users\anders\documents\visual studio 2010\skolprojects\2dmonopol exp2\2dmonopol exp2\player.cpp(151): warning C4996: 'strncat': This function or variable may be unsafe. Consider using strncat_s instead. To disable deprecation, use _CRT_SECURE_NO_WARNINGS. See online help for details.
                 c:\program files (x86)\microsoft visual studio 10.0\vc\include\string.h(175) : see declaration of 'strncat'
     1>c:\users\anders\documents\visual studio 2010\skolprojects\2dmonopol exp2\2dmonopol exp2\player.cpp(153): warning C4996: 'sprintf': This function or variable may be unsafe. Consider using sprintf_s instead. To disable deprecation, use _CRT_SECURE_NO_WARNINGS. See online help for details.
                 c:\program files (x86)\microsoft visual studio 10.0\vc\include\stdio.h(371) : see declaration of 'sprintf'
         Chance.cpp
     1>c:\users\anders\documents\visual studio 2010\skolprojects\2dmonopol exp2\2dmonopol exp2\button.h(16): warning C4996: 'strncpy': This function or variable may be unsafe. Consider using strncpy_s instead. To disable deprecation, use _CRT_SECURE_NO_WARNINGS. See online help for details.
                 c:\program files (x86)\microsoft visual studio 10.0\vc\include\string.h(188) : see declaration of 'strncpy'
         Card.cpp
         Button.cpp
     1>c:\users\anders\documents\visual studio 2010\skolprojects\2dmonopol exp2\2dmonopol exp2\button.h(16): warning C4996: 'strncpy': This function or variable may be unsafe. Consider using strncpy_s instead. To disable deprecation, use _CRT_SECURE_NO_WARNINGS. See online help for details.
                 c:\program files (x86)\microsoft visual studio 10.0\vc\include\string.h(188) : see declaration of 'strncpy'
     1>c:\users\anders\documents\visual studio 2010\skolprojects\2dmonopol exp2\2dmonopol exp2\button.cpp(40): warning C4996: 'strncpy': This function or variable may be unsafe. Consider using strncpy_s instead. To disable deprecation, use _CRT_SECURE_NO_WARNINGS. See online help for details.
                 c:\program files (x86)\microsoft visual studio 10.0\vc\include\string.h(188) : see declaration of 'strncpy'
         Auction_window.cpp
     1>c:\users\anders\documents\visual studio 2010\skolprojects\2dmonopol exp2\2dmonopol exp2\button.h(16): warning C4996: 'strncpy': This function or variable may be unsafe. Consider using strncpy_s instead. To disable deprecation, use _CRT_SECURE_NO_WARNINGS. See online help for details.
                 c:\program files (x86)\microsoft visual studio 10.0\vc\include\string.h(188) : see declaration of 'strncpy'
     1>c:\users\anders\documents\visual studio 2010\skolprojects\2dmonopol exp2\2dmonopol exp2\auction_window.cpp(24): warning C4996: 'sprintf': This function or variable may be unsafe. Consider using sprintf_s instead. To disable deprecation, use _CRT_SECURE_NO_WARNINGS. See online help for details.
                 c:\program files (x86)\microsoft visual studio 10.0\vc\include\stdio.h(371) : see declaration of 'sprintf'
     1>c:\users\anders\documents\visual studio 2010\skolprojects\2dmonopol exp2\2dmonopol exp2\auction_window.cpp(26): warning C4996: 'sprintf': This function or variable may be unsafe. Consider using sprintf_s instead. To disable deprecation, use _CRT_SECURE_NO_WARNINGS. See online help for details.
                 c:\program files (x86)\microsoft visual studio 10.0\vc\include\stdio.h(371) : see declaration of 'sprintf'
     1>c:\users\anders\documents\visual studio 2010\skolprojects\2dmonopol exp2\2dmonopol exp2\auction_window.cpp(28): warning C4996: 'sprintf': This function or variable may be unsafe. Consider using sprintf_s instead. To disable deprecation, use _CRT_SECURE_NO_WARNINGS. See online help for details.
                 c:\program files (x86)\microsoft visual studio 10.0\vc\include\stdio.h(371) : see declaration of 'sprintf'
     1>c:\users\anders\documents\visual studio 2010\skolprojects\2dmonopol exp2\2dmonopol exp2\auction_window.cpp(30): warning C4996: 'sprintf': This function or variable may be unsafe. Consider using sprintf_s instead. To disable deprecation, use _CRT_SECURE_NO_WARNINGS. See online help for details.
                 c:\program files (x86)\microsoft visual studio 10.0\vc\include\stdio.h(371) : see declaration of 'sprintf'
         Auction.cpp
     1>c:\users\anders\documents\visual studio 2010\skolprojects\2dmonopol exp2\2dmonopol exp2\button.h(16): warning C4996: 'strncpy': This function or variable may be unsafe. Consider using strncpy_s instead. To disable deprecation, use _CRT_SECURE_NO_WARNINGS. See online help for details.
                 c:\program files (x86)\microsoft visual studio 10.0\vc\include\string.h(188) : see declaration of 'strncpy'
     1>c:\users\anders\documents\visual studio 2010\skolprojects\2dmonopol exp2\2dmonopol exp2\property.h(24): warning C4018: '<' : signed/unsigned mismatch
     1>c:\users\anders\documents\visual studio 2010\skolprojects\2dmonopol exp2\2dmonopol exp2\property.h(28): warning C4996: 'strncpy': This function or variable may be unsafe. Consider using strncpy_s instead. To disable deprecation, use _CRT_SECURE_NO_WARNINGS. See online help for details.
                 c:\program files (x86)\microsoft visual studio 10.0\vc\include\string.h(188) : see declaration of 'strncpy'
         2dmonopol.cpp
     1>c:\users\anders\documents\visual studio 2010\skolprojects\2dmonopol exp2\2dmonopol exp2\button.h(16): warning C4996: 'strncpy': This function or variable may be unsafe. Consider using strncpy_s instead. To disable deprecation, use _CRT_SECURE_NO_WARNINGS. See online help for details.
                 c:\program files (x86)\microsoft visual studio 10.0\vc\include\string.h(188) : see declaration of 'strncpy'
     1>c:\users\anders\documents\visual studio 2010\skolprojects\2dmonopol exp2\2dmonopol exp2\property.h(24): warning C4018: '<' : signed/unsigned mismatch
     1>c:\users\anders\documents\visual studio 2010\skolprojects\2dmonopol exp2\2dmonopol exp2\property.h(28): warning C4996: 'strncpy': This function or variable may be unsafe. Consider using strncpy_s instead. To disable deprecation, use _CRT_SECURE_NO_WARNINGS. See online help for details.
                 c:\program files (x86)\microsoft visual studio 10.0\vc\include\string.h(188) : see declaration of 'strncpy'
     1>c:\users\anders\documents\visual studio 2010\skolprojects\2dmonopol exp2\2dmonopol exp2\2dmonopol.cpp(527): warning C4101: 'temp' : unreferenced local variable
     1>c:\users\anders\documents\visual studio 2010\skolprojects\2dmonopol exp2\2dmonopol exp2\2dmonopol.cpp(901): warning C4309: '=' : truncation of constant value
     1>c:\users\anders\documents\visual studio 2010\skolprojects\2dmonopol exp2\2dmonopol exp2\2dmonopol.cpp(929): warning C4996: 'strncpy': This function or variable may be unsafe. Consider using strncpy_s instead. To disable deprecation, use _CRT_SECURE_NO_WARNINGS. See online help for details.
                 c:\program files (x86)\microsoft visual studio 10.0\vc\include\string.h(188) : see declaration of 'strncpy'
     1>c:\users\anders\documents\visual studio 2010\skolprojects\2dmonopol exp2\2dmonopol exp2\2dmonopol.cpp(954): warning C4018: '<' : signed/unsigned mismatch
     1>c:\users\anders\documents\visual studio 2010\skolprojects\2dmonopol exp2\2dmonopol exp2\2dmonopol.cpp(958): warning C4018: '<' : signed/unsigned mismatch
     1>c:\users\anders\documents\visual studio 2010\skolprojects\2dmonopol exp2\2dmonopol exp2\2dmonopol.cpp(1044): warning C4996: 'strncpy': This function or variable may be unsafe. Consider using strncpy_s instead. To disable deprecation, use _CRT_SECURE_NO_WARNINGS. See online help for details.
                 c:\program files (x86)\microsoft visual studio 10.0\vc\include\string.h(188) : see declaration of 'strncpy'
     1>c:\users\anders\documents\visual studio 2010\skolprojects\2dmonopol exp2\2dmonopol exp2\2dmonopol.cpp(1126): warning C4309: '=' : truncation of constant value
     1>c:\users\anders\documents\visual studio 2010\skolprojects\2dmonopol exp2\2dmonopol exp2\2dmonopol.cpp(1153): warning C4996: 'strncpy': This function or variable may be unsafe. Consider using strncpy_s instead. To disable deprecation, use _CRT_SECURE_NO_WARNINGS. See online help for details.
                 c:\program files (x86)\microsoft visual studio 10.0\vc\include\string.h(188) : see declaration of 'strncpy'
         Generating Code...
       Link:
         C:\Program Files (x86)\Microsoft Visual Studio 10.0\VC\bin\link.exe /ERRORREPORT:PROMPT /OUT:"C:\Users\Anders\Documents\Visual Studio 2010\SKOLProjects\2dmonopol exp2\Debug\2dmonopol exp2.exe" /NOLOGO "allegro-5.0.8-monolith-md.lib" kernel32.lib user32.lib gdi32.lib winspool.lib comdlg32.lib advapi32.lib shell32.lib ole32.lib oleaut32.lib uuid.lib odbc32.lib odbccp32.lib /MANIFEST /ManifestFile:"Debug\2dmonopol exp2.exe.intermediate.manifest" /MANIFESTUAC:"level='asInvoker' uiAccess='false'" /DEBUG /PDB:"C:\Users\Anders\Documents\Visual Studio 2010\SKOLProjects\2dmonopol exp2\Debug\2dmonopol exp2.pdb" /TLBID:1 /DYNAMICBASE /NXCOMPAT /IMPLIB:"C:\Users\Anders\Documents\Visual Studio 2010\SKOLProjects\2dmonopol exp2\Debug\2dmonopol exp2.lib" /MACHINE:X86 Debug\2dmonopol.obj
         Debug\Auction.obj
         Debug\Auction_window.obj
         Debug\Button.obj
         Debug\Card.obj
         Debug\Chance.obj
         Debug\Player.obj
         Debug\Prison.obj
         Debug\Property.obj
         Debug\Question.obj
         Debug\Sprite.obj
         Debug\Status_box.obj
         Debug\Street.obj
         Debug\Street_info.obj
         Debug\Tax.obj
         Debug\Text_field.obj
         Debug\Trade.obj
         Debug\Trade_window.obj
         Debug\Window_list.obj
         2dmonopol exp2.vcxproj -> C:\Users\Anders\Documents\Visual Studio 2010\SKOLProjects\2dmonopol exp2\Debug\2dmonopol exp2.exe
       Manifest:
         C:\Program Files (x86)\Microsoft SDKs\Windows\v7.0A\bin\mt.exe /nologo /verbose /outputresource:"C:\Users\Anders\Documents\Visual Studio 2010\SKOLProjects\2dmonopol exp2\Debug\2dmonopol exp2.exe;#1" /manifest "Debug\2dmonopol exp2.exe.intermediate.manifest"
       FinalizeBuildStatus:
         Deleting file "Debug\2dmonopol exp2.unsuccessfulbuild".
         Touching "Debug\2dmonopol exp2.lastbuildstate".
     1>Done Building Project "C:\Users\Anders\Documents\Visual Studio 2010\SKOLProjects\2dmonopol exp2\2dmonopol exp2\2dmonopol exp2.vcxproj" (rebuild target(s)).

Build succeeded.

Time Elapsed 00:00:08.05
