C:\ANDERS\GIT\RESPOSITORY\2DMONOPOL EXP2\DEBUG\2DMONOPOL EXP2.EXE.INTERMEDIATE.MANIFEST
C:\Anders\git\Respository\2dmonopol exp2\Debug\2dmonopol.obj
C:\Anders\git\Respository\2dmonopol exp2\Debug\Auction.obj
C:\Anders\git\Respository\2dmonopol exp2\Debug\Auction_window.obj
C:\Anders\git\Respository\2dmonopol exp2\Debug\Button.obj
C:\Anders\git\Respository\2dmonopol exp2\Debug\cl.command.1.tlog
C:\Anders\git\Respository\2dmonopol exp2\Debug\CL.read.1.tlog
C:\Anders\git\Respository\2dmonopol exp2\Debug\CL.write.1.tlog
C:\Anders\git\Respository\2dmonopol exp2\Debug\link.command.1.tlog
C:\Anders\git\Respository\2dmonopol exp2\Debug\link.read.1.tlog
C:\Anders\git\Respository\2dmonopol exp2\Debug\link.write.1.tlog
C:\Anders\git\Respository\2dmonopol exp2\Debug\mt.command.1.tlog
C:\Anders\git\Respository\2dmonopol exp2\Debug\mt.read.1.tlog
C:\Anders\git\Respository\2dmonopol exp2\Debug\mt.write.1.tlog
C:\Anders\git\Respository\2dmonopol exp2\Debug\Player.obj
C:\Anders\git\Respository\2dmonopol exp2\Debug\Property.obj
C:\Anders\git\Respository\2dmonopol exp2\Debug\Question.obj
C:\Anders\git\Respository\2dmonopol exp2\Debug\Sprite.obj
C:\Anders\git\Respository\2dmonopol exp2\Debug\Status_box.obj
C:\Anders\git\Respository\2dmonopol exp2\Debug\Street.obj
C:\Anders\git\Respository\2dmonopol exp2\Debug\Text_field.obj
C:\Anders\git\Respository\2dmonopol exp2\Debug\vc100.idb
C:\Anders\git\Respository\2dmonopol exp2\Debug\vc100.pdb
C:\Anders\git\Respository\2dmonopol exp2\Debug\Window_list.obj
C:\ANDERS\GIT\RESPOSITORY\DEBUG\2DMONOPOL EXP2.EXE
C:\ANDERS\GIT\RESPOSITORY\DEBUG\2DMONOPOL EXP2.ILK
C:\ANDERS\GIT\RESPOSITORY\DEBUG\2DMONOPOL EXP2.PDB
C:\USERS\ANDERS\DOCUMENTS\VISUAL STUDIO 2010\SKOLPROJECTS\2DMONOPOL EXP2\2DMONOPOL EXP2\DEBUG\2DMONOPOL.OBJ
C:\USERS\ANDERS\DOCUMENTS\VISUAL STUDIO 2010\SKOLPROJECTS\2DMONOPOL EXP2\2DMONOPOL EXP2\DEBUG\AUCTION.OBJ
C:\USERS\ANDERS\DOCUMENTS\VISUAL STUDIO 2010\SKOLPROJECTS\2DMONOPOL EXP2\2DMONOPOL EXP2\DEBUG\AUCTION_WINDOW.OBJ
C:\USERS\ANDERS\DOCUMENTS\VISUAL STUDIO 2010\SKOLPROJECTS\2DMONOPOL EXP2\2DMONOPOL EXP2\DEBUG\BUTTON.OBJ
C:\USERS\ANDERS\DOCUMENTS\VISUAL STUDIO 2010\SKOLPROJECTS\2DMONOPOL EXP2\2DMONOPOL EXP2\DEBUG\PLAYER.OBJ
C:\USERS\ANDERS\DOCUMENTS\VISUAL STUDIO 2010\SKOLPROJECTS\2DMONOPOL EXP2\2DMONOPOL EXP2\DEBUG\PROPERTY.OBJ
C:\USERS\ANDERS\DOCUMENTS\VISUAL STUDIO 2010\SKOLPROJECTS\2DMONOPOL EXP2\2DMONOPOL EXP2\DEBUG\QUESTION.OBJ
C:\USERS\ANDERS\DOCUMENTS\VISUAL STUDIO 2010\SKOLPROJECTS\2DMONOPOL EXP2\2DMONOPOL EXP2\DEBUG\SPRITE.OBJ
C:\USERS\ANDERS\DOCUMENTS\VISUAL STUDIO 2010\SKOLPROJECTS\2DMONOPOL EXP2\2DMONOPOL EXP2\DEBUG\STATUS_BOX.OBJ
C:\USERS\ANDERS\DOCUMENTS\VISUAL STUDIO 2010\SKOLPROJECTS\2DMONOPOL EXP2\2DMONOPOL EXP2\DEBUG\STREET.OBJ
C:\USERS\ANDERS\DOCUMENTS\VISUAL STUDIO 2010\SKOLPROJECTS\2DMONOPOL EXP2\2DMONOPOL EXP2\DEBUG\TEXT_FIELD.OBJ
C:\USERS\ANDERS\DOCUMENTS\VISUAL STUDIO 2010\SKOLPROJECTS\2DMONOPOL EXP2\2DMONOPOL EXP2\DEBUG\VC100.PDB
C:\USERS\ANDERS\DOCUMENTS\VISUAL STUDIO 2010\SKOLPROJECTS\2DMONOPOL EXP2\2DMONOPOL EXP2\DEBUG\WINDOW_LIST.OBJ
