Build started 12/2/2012 2:23:41 AM.
     1>Project "C:\Users\Anders\Documents\Visual Studio 2010\SKOLProjects\2dmonopol exp2\2dmonopol exp2\2dmonopol exp2.vcxproj" on node 2 (build target(s)).
     1>PrepareForBuild:
         Creating directory "C:\Users\Anders\Documents\Visual Studio 2010\SKOLProjects\2dmonopol exp2\Release\".
       InitializeBuildStatus:
         Creating "Release\2dmonopol exp2.unsuccessfulbuild" because "AlwaysCreate" was specified.
       ClCompile:
         D:\Program Files (x86)\Microsoft Visual Studio 10.0\VC\bin\CL.exe /c /Zi /nologo /W3 /WX- /O2 /Oi /Oy- /GL /D _MBCS /Gm- /EHsc /MD /GS /Gy /fp:precise /Zc:wchar_t /Zc:forScope /Fo"Release\\" /Fd"Release\vc100.pdb" /Gd /TP /analyze- /errorReport:prompt 2dmonopol.cpp Button.cpp Player.cpp Property.cpp Question.cpp Sprite.cpp Status_box.cpp
         2dmonopol.cpp
     1>2dmonopol.cpp(317): warning C4309: '=' : truncation of constant value
     1>2dmonopol.cpp(345): warning C4996: 'strncpy': This function or variable may be unsafe. Consider using strncpy_s instead. To disable deprecation, use _CRT_SECURE_NO_WARNINGS. See online help for details.
                 D:\Program Files (x86)\Microsoft Visual Studio 10.0\VC\include\string.h(188) : see declaration of 'strncpy'
     1>2dmonopol.cpp(367): warning C4018: '<' : signed/unsigned mismatch
     1>2dmonopol.cpp(370): warning C4018: '<' : signed/unsigned mismatch
         Button.cpp
         Player.cpp
         Property.cpp
         Question.cpp
         Sprite.cpp
         Status_box.cpp
       Link:
         D:\Program Files (x86)\Microsoft Visual Studio 10.0\VC\bin\link.exe /ERRORREPORT:PROMPT /OUT:"C:\Users\Anders\Documents\Visual Studio 2010\SKOLProjects\2dmonopol exp2\Release\2dmonopol exp2.exe" /NOLOGO kernel32.lib user32.lib gdi32.lib winspool.lib comdlg32.lib advapi32.lib shell32.lib ole32.lib oleaut32.lib uuid.lib odbc32.lib odbccp32.lib /MANIFEST /ManifestFile:"Release\2dmonopol exp2.exe.intermediate.manifest" /MANIFESTUAC:"level='asInvoker' uiAccess='false'" /DEBUG /PDB:"C:\Users\Anders\Documents\Visual Studio 2010\SKOLProjects\2dmonopol exp2\Release\2dmonopol exp2.pdb" /OPT:REF /OPT:ICF /LTCG /TLBID:1 /DYNAMICBASE /NXCOMPAT /IMPLIB:"C:\Users\Anders\Documents\Visual Studio 2010\SKOLProjects\2dmonopol exp2\Release\2dmonopol exp2.lib" /MACHINE:X86 Release\2dmonopol.obj
         Release\Button.obj
         Release\Player.obj
         Release\Property.obj
         Release\Question.obj
         Release\Sprite.obj
         Release\Status_box.obj
     1>2dmonopol.obj : error LNK2001: unresolved external symbol __imp__al_set_target_bitmap
     1>2dmonopol.obj : error LNK2001: unresolved external symbol __imp__al_flip_display
     1>2dmonopol.obj : error LNK2001: unresolved external symbol __imp__al_draw_textf
     1>2dmonopol.obj : error LNK2001: unresolved external symbol __imp__al_get_mouse_event_source
     1>2dmonopol.obj : error LNK2001: unresolved external symbol __imp__al_map_rgb
     1>2dmonopol.obj : error LNK2001: unresolved external symbol __imp__al_destroy_event_queue
     1>2dmonopol.obj : error LNK2001: unresolved external symbol __imp__al_create_bitmap
     1>2dmonopol.obj : error LNK2001: unresolved external symbol __imp__al_clear_to_color
     1>2dmonopol.obj : error LNK2001: unresolved external symbol __imp__al_register_event_source
     1>2dmonopol.obj : error LNK2001: unresolved external symbol __imp__al_wait_for_event
     1>2dmonopol.obj : error LNK2001: unresolved external symbol __imp__al_destroy_timer
     1>2dmonopol.obj : error LNK2001: unresolved external symbol __imp__al_start_timer
     1>2dmonopol.obj : error LNK2001: unresolved external symbol __imp__al_install_mouse
     1>2dmonopol.obj : error LNK2001: unresolved external symbol __imp__al_draw_bitmap
     1>2dmonopol.obj : error LNK2001: unresolved external symbol __imp__al_create_event_queue
     1>2dmonopol.obj : error LNK2001: unresolved external symbol __imp__al_create_display
     1>2dmonopol.obj : error LNK2001: unresolved external symbol __imp__al_create_timer
     1>2dmonopol.obj : error LNK2001: unresolved external symbol __imp__al_init_ttf_addon
     1>2dmonopol.obj : error LNK2001: unresolved external symbol __imp__al_load_bitmap
     1>2dmonopol.obj : error LNK2001: unresolved external symbol __imp__al_draw_scaled_bitmap
     1>2dmonopol.obj : error LNK2001: unresolved external symbol __imp__al_install_system
     1>2dmonopol.obj : error LNK2001: unresolved external symbol __imp__al_init_primitives_addon
     1>2dmonopol.obj : error LNK2001: unresolved external symbol __imp__al_get_display_event_source
     1>2dmonopol.obj : error LNK2001: unresolved external symbol __imp__al_get_timer_event_source
     1>2dmonopol.obj : error LNK2001: unresolved external symbol __imp__al_get_monitor_info
     1>2dmonopol.obj : error LNK2001: unresolved external symbol __imp__al_init_image_addon
     1>2dmonopol.obj : error LNK2001: unresolved external symbol __imp__al_destroy_display
     1>2dmonopol.obj : error LNK2001: unresolved external symbol __imp__al_load_ttf_font
     1>2dmonopol.obj : error LNK2001: unresolved external symbol __imp__al_get_time
     1>2dmonopol.obj : error LNK2001: unresolved external symbol __imp__al_show_native_message_box
     1>2dmonopol.obj : error LNK2001: unresolved external symbol __imp__al_destroy_bitmap
     1>2dmonopol.obj : error LNK2001: unresolved external symbol __imp__al_init_font_addon
     1>2dmonopol.obj : error LNK2001: unresolved external symbol __imp__al_set_target_backbuffer
     1>Button.obj : error LNK2001: unresolved external symbol __imp__al_draw_line
     1>Player.obj : error LNK2001: unresolved external symbol __imp__al_draw_filled_rectangle
     1>Question.obj : error LNK2001: unresolved external symbol __imp__al_get_bitmap_width
     1>Question.obj : error LNK2001: unresolved external symbol __imp__al_draw_text
     1>Question.obj : error LNK2001: unresolved external symbol __imp__al_get_bitmap_height
     1>Sprite.obj : error LNK2001: unresolved external symbol __imp__al_draw_bitmap_region
     1>C:\Users\Anders\Documents\Visual Studio 2010\SKOLProjects\2dmonopol exp2\Release\2dmonopol exp2.exe : fatal error LNK1120: 39 unresolved externals
     1>Done Building Project "C:\Users\Anders\Documents\Visual Studio 2010\SKOLProjects\2dmonopol exp2\2dmonopol exp2\2dmonopol exp2.vcxproj" (build target(s)) -- FAILED.

Build FAILED.

Time Elapsed 00:00:02.40
