C:\USERS\ANDERS\DOCUMENTS\VISUAL STUDIO 2010\SKOLPROJECTS\2DMONOPOL EXP2\2DMONOPOL EXP2\RELEASE\2DMONOPOL EXP2.EXE.INTERMEDIATE.MANIFEST
C:\Users\Anders\Documents\Visual Studio 2010\SKOLProjects\2dmonopol exp2\2dmonopol exp2\Release\2dmonopol exp2.write.1.tlog
C:\USERS\ANDERS\DOCUMENTS\VISUAL STUDIO 2010\SKOLPROJECTS\2DMONOPOL EXP2\2DMONOPOL EXP2\RELEASE\2DMONOPOL.OBJ
C:\USERS\ANDERS\DOCUMENTS\VISUAL STUDIO 2010\SKOLPROJECTS\2DMONOPOL EXP2\2DMONOPOL EXP2\RELEASE\AUCTION.OBJ
C:\USERS\ANDERS\DOCUMENTS\VISUAL STUDIO 2010\SKOLPROJECTS\2DMONOPOL EXP2\2DMONOPOL EXP2\RELEASE\AUCTION_WINDOW.OBJ
C:\USERS\ANDERS\DOCUMENTS\VISUAL STUDIO 2010\SKOLPROJECTS\2DMONOPOL EXP2\2DMONOPOL EXP2\RELEASE\BUTTON.OBJ
C:\USERS\ANDERS\DOCUMENTS\VISUAL STUDIO 2010\SKOLPROJECTS\2DMONOPOL EXP2\2DMONOPOL EXP2\RELEASE\CARD.OBJ
C:\USERS\ANDERS\DOCUMENTS\VISUAL STUDIO 2010\SKOLPROJECTS\2DMONOPOL EXP2\2DMONOPOL EXP2\RELEASE\CHANCE.OBJ
C:\Users\Anders\Documents\Visual Studio 2010\SKOLProjects\2dmonopol exp2\2dmonopol exp2\Release\cl.command.1.tlog
C:\Users\Anders\Documents\Visual Studio 2010\SKOLProjects\2dmonopol exp2\2dmonopol exp2\Release\CL.read.1.tlog
C:\Users\Anders\Documents\Visual Studio 2010\SKOLProjects\2dmonopol exp2\2dmonopol exp2\Release\CL.write.1.tlog
C:\Users\Anders\Documents\Visual Studio 2010\SKOLProjects\2dmonopol exp2\2dmonopol exp2\Release\link.command.1.tlog
C:\Users\Anders\Documents\Visual Studio 2010\SKOLProjects\2dmonopol exp2\2dmonopol exp2\Release\link.read.1.tlog
C:\Users\Anders\Documents\Visual Studio 2010\SKOLProjects\2dmonopol exp2\2dmonopol exp2\Release\link.write.1.tlog
C:\Users\Anders\Documents\Visual Studio 2010\SKOLProjects\2dmonopol exp2\2dmonopol exp2\Release\mt.command.1.tlog
C:\Users\Anders\Documents\Visual Studio 2010\SKOLProjects\2dmonopol exp2\2dmonopol exp2\Release\mt.read.1.tlog
C:\Users\Anders\Documents\Visual Studio 2010\SKOLProjects\2dmonopol exp2\2dmonopol exp2\Release\mt.write.1.tlog
C:\USERS\ANDERS\DOCUMENTS\VISUAL STUDIO 2010\SKOLPROJECTS\2DMONOPOL EXP2\2DMONOPOL EXP2\RELEASE\PLAYER.OBJ
C:\USERS\ANDERS\DOCUMENTS\VISUAL STUDIO 2010\SKOLPROJECTS\2DMONOPOL EXP2\2DMONOPOL EXP2\RELEASE\PRISON.OBJ
C:\USERS\ANDERS\DOCUMENTS\VISUAL STUDIO 2010\SKOLPROJECTS\2DMONOPOL EXP2\2DMONOPOL EXP2\RELEASE\PROPERTY.OBJ
C:\USERS\ANDERS\DOCUMENTS\VISUAL STUDIO 2010\SKOLPROJECTS\2DMONOPOL EXP2\2DMONOPOL EXP2\RELEASE\QUESTION.OBJ
C:\USERS\ANDERS\DOCUMENTS\VISUAL STUDIO 2010\SKOLPROJECTS\2DMONOPOL EXP2\2DMONOPOL EXP2\RELEASE\SPRITE.OBJ
C:\USERS\ANDERS\DOCUMENTS\VISUAL STUDIO 2010\SKOLPROJECTS\2DMONOPOL EXP2\2DMONOPOL EXP2\RELEASE\STATUS_BOX.OBJ
C:\USERS\ANDERS\DOCUMENTS\VISUAL STUDIO 2010\SKOLPROJECTS\2DMONOPOL EXP2\2DMONOPOL EXP2\RELEASE\STREET.OBJ
C:\USERS\ANDERS\DOCUMENTS\VISUAL STUDIO 2010\SKOLPROJECTS\2DMONOPOL EXP2\2DMONOPOL EXP2\RELEASE\STREET_INFO.OBJ
C:\USERS\ANDERS\DOCUMENTS\VISUAL STUDIO 2010\SKOLPROJECTS\2DMONOPOL EXP2\2DMONOPOL EXP2\RELEASE\TAX.OBJ
C:\USERS\ANDERS\DOCUMENTS\VISUAL STUDIO 2010\SKOLPROJECTS\2DMONOPOL EXP2\2DMONOPOL EXP2\RELEASE\TEXT_FIELD.OBJ
C:\USERS\ANDERS\DOCUMENTS\VISUAL STUDIO 2010\SKOLPROJECTS\2DMONOPOL EXP2\2DMONOPOL EXP2\RELEASE\TRADE.OBJ
C:\USERS\ANDERS\DOCUMENTS\VISUAL STUDIO 2010\SKOLPROJECTS\2DMONOPOL EXP2\2DMONOPOL EXP2\RELEASE\TRADE_WINDOW.OBJ
C:\USERS\ANDERS\DOCUMENTS\VISUAL STUDIO 2010\SKOLPROJECTS\2DMONOPOL EXP2\2DMONOPOL EXP2\RELEASE\VC100.PDB
C:\USERS\ANDERS\DOCUMENTS\VISUAL STUDIO 2010\SKOLPROJECTS\2DMONOPOL EXP2\2DMONOPOL EXP2\RELEASE\WINDOW_LIST.OBJ
C:\USERS\ANDERS\DOCUMENTS\VISUAL STUDIO 2010\SKOLPROJECTS\2DMONOPOL EXP2\RELEASE\2DMONOPOL EXP2.EXE
C:\USERS\ANDERS\DOCUMENTS\VISUAL STUDIO 2010\SKOLPROJECTS\2DMONOPOL EXP2\RELEASE\2DMONOPOL EXP2.PDB
